\BOOKMARK [0][-]{Doc-Start}{Contents}{}% 1
\BOOKMARK [0][-]{chapter*.2}{Introduction}{}% 2
\BOOKMARK [-1][-]{part.1}{I Background and State of the Art}{}% 3
\BOOKMARK [0][-]{chapter.1}{Background}{part.1}% 4
\BOOKMARK [1][-]{section.1.1}{From classical software development to generative programming}{chapter.1}% 5
\BOOKMARK [1][-]{section.1.2}{Software development tool chain overview}{chapter.1}% 6
\BOOKMARK [1][-]{section.1.3}{Code generators}{chapter.1}% 7
\BOOKMARK [2][-]{subsection.1.3.1}{Complexity}{section.1.3}% 8
\BOOKMARK [2][-]{subsection.1.3.2}{Software-platform heterogeneity}{section.1.3}% 9
\BOOKMARK [1][-]{section.1.4}{Compilers}{chapter.1}% 10
\BOOKMARK [2][-]{subsection.1.4.1}{Complexity}{section.1.4}% 11
\BOOKMARK [2][-]{subsection.1.4.2}{Hardware-platform heterogeneity}{section.1.4}% 12
\BOOKMARK [1][-]{section.1.5}{Compilers and Code generators non-functional testing}{chapter.1}% 13
\BOOKMARK [2][-]{subsection.1.5.1}{Problems that still remain}{section.1.5}% 14
\BOOKMARK [2][-]{subsection.1.5.2}{Resource usage monitoring}{section.1.5}% 15
\BOOKMARK [0][-]{chapter.2}{State of the art}{part.1}% 16
\BOOKMARK [-1][-]{part.2}{II Contributions}{}% 17
\BOOKMARK [0][-]{chapter.3}{Optimizing compiler auto-tuning}{part.2}% 18
\BOOKMARK [1][-]{section.3.1}{Introduction}{chapter.3}% 19
\BOOKMARK [1][-]{section.3.2}{Motivation}{chapter.3}% 20
\BOOKMARK [2][-]{subsection.3.2.1}{Compiler Optimizations}{section.3.2}% 21
\BOOKMARK [2][-]{subsection.3.2.2}{Example: GCC Compiler}{section.3.2}% 22
\BOOKMARK [1][-]{section.3.3}{Evolutionary Exploration of Compiler Optimizations }{chapter.3}% 23
\BOOKMARK [2][-]{subsection.3.3.1}{Novelty Search Adaptation}{section.3.3}% 24
\BOOKMARK [2][-]{subsection.3.3.2}{Novelty Search For Multi-objective Optimization}{section.3.3}% 25
\BOOKMARK [1][-]{section.3.4}{Evaluation}{chapter.3}% 26
\BOOKMARK [2][-]{subsection.3.4.1}{Research Questions}{section.3.4}% 27
\BOOKMARK [2][-]{subsection.3.4.2}{Experimental Setup}{section.3.4}% 28
\BOOKMARK [2][-]{subsection.3.4.3}{Experimental Methodology and Results}{section.3.4}% 29
\BOOKMARK [2][-]{subsection.3.4.4}{Discussions}{section.3.4}% 30
\BOOKMARK [2][-]{subsection.3.4.5}{Threats to Validity}{section.3.4}% 31
\BOOKMARK [1][-]{section.3.5}{Conclusion and Future Work}{chapter.3}% 32
\BOOKMARK [0][-]{chapter.4}{Automatic non-functional testing of code generators families}{part.2}% 33
\BOOKMARK [0][-]{chapter.5}{An infrastructure for resource monitoring based on system containers}{part.2}% 34
\BOOKMARK [-1][-]{part.3}{III Conclusion and perspectives}{}% 35
\BOOKMARK [0][-]{chapter.6}{Conclusion and perspectives}{part.3}% 36
\BOOKMARK [0][-]{section*.27}{References}{part.3}% 37
